<?xml version="1.0" encoding="UTF-8"?>
<!-- Generated by org.testng.reporters.JUnitXMLReporter -->
<testsuite ignored="0" hostname="LAPTOP-9LDG201L" failures="0" tests="9" name="Smoke Pack" time="6.903" errors="0" timestamp="09 May 2022 13:47:01 GMT">
  <testcase classname="ApiTests.EverythingAboutYourPet" name="AddPetToPetstore" time="2.857"/>
  <testcase classname="ApiTests.EverythingAboutYourPet" name="EditPetDetails" time="0.504"/>
  <testcase classname="ApiTests.EverythingAboutYourPet" name="DeletePetFromStore" time="0.499"/>
  <testcase classname="ApiTests.PetstoreOrders" name="PlaceOrder" time="0.485"/>
  <testcase classname="ApiTests.PetstoreOrders" name="LookupOrder" time="0.478"/>
  <testcase classname="ApiTests.PetstoreOrders" name="DeleteOrder" time="0.48"/>
  <testcase classname="ApiTests.UserOperations" name="CreateNewUser" time="0.478"/>
  <testcase classname="ApiTests.UserOperations" name="UpdatePetstoreUserDetails" time="0.48"/>
  <testcase classname="ApiTests.UserOperations" name="DeletePetstoreUser" time="0.509"/>
</testsuite> <!-- Smoke Pack -->
