<?xml version="1.0" encoding="UTF-8"?>
<testsuite xmlns:xsi="http://www.w3.org/2001/XMLSchema-instance" xsi:noNamespaceSchemaLocation="https://maven.apache.org/surefire/maven-surefire-plugin/xsd/surefire-test-report.xsd" name="TestSuite" time="7.283" tests="9" errors="0" skipped="0" failures="0">
  <properties>
[...]
</properties>
  <testcase name="AddPetToPetstore" classname="ApiTests.EverythingAboutYourPet" time="2.862"/>
  <testcase name="EditPetDetails" classname="ApiTests.EverythingAboutYourPet" time="0.504"/>
  <testcase name="DeletePetFromStore" classname="ApiTests.EverythingAboutYourPet" time="0.498"/>
  <testcase name="PlaceOrder" classname="ApiTests.PetstoreOrders" time="0.485"/>
  <testcase name="LookupOrder" classname="ApiTests.PetstoreOrders" time="0.477"/>
  <testcase name="DeleteOrder" classname="ApiTests.PetstoreOrders" time="0.48"/>
  <testcase name="CreateNewUser" classname="ApiTests.UserOperations" time="0.478"/>
  <testcase name="UpdatePetstoreUserDetails" classname="ApiTests.UserOperations" time="0.48"/>
  <testcase name="DeletePetstoreUser" classname="ApiTests.UserOperations" time="0.51"/>
</testsuite>